exception 'PDOException' with message 'SQLSTATE[HY000]: General error: 1364 Field 'order_sn' doesn't have a default value' in D:\wamp\www\test\oldnew\MysqlDB.class.php:156
Stack trace:
#0 D:\wamp\www\test\oldnew\MysqlDB.class.php(156): PDOStatement->execute(Array)
#1 D:\wamp\www\test\oldnew\MysqlDB.class.php(70): MysqlDB->autoExec(Array, 'toboss')
#2 D:\wamp\www\test\oldnew\orderO.php(169): MysqlDB->insert('toboss', Array)
#3 {main}exception 'PDOException' with message 'SQLSTATE[HY000]: General error: 1364 Field 'order_sn' doesn't have a default value' in D:\wamp\www\test\oldnew\MysqlDB.class.php:156
Stack trace:
#0 D:\wamp\www\test\oldnew\MysqlDB.class.php(156): PDOStatement->execute(Array)
#1 D:\wamp\www\test\oldnew\MysqlDB.class.php(70): MysqlDB->autoExec(Array, 'toboss')
#2 D:\wamp\www\test\oldnew\orderO.php(177): MysqlDB->insert('toboss', Array)
#3 {main}exception 'PDOException' with message 'SQLSTATE[HY000]: General error: 1364 Field 'order_sn' doesn't have a default value' in D:\wamp\www\test\oldnew\MysqlDB.class.php:156
Stack trace:
#0 D:\wamp\www\test\oldnew\MysqlDB.class.php(156): PDOStatement->execute(Array)
#1 D:\wamp\www\test\oldnew\MysqlDB.class.php(70): MysqlDB->autoExec(Array, 'toboss')
#2 D:\wamp\www\test\oldnew\orderO.php(169): MysqlDB->insert('toboss', Array)
#3 {main}exception 'PDOException' with message 'SQLSTATE[HY000]: General error: 1364 Field 'order_sn' doesn't have a default value' in D:\wamp\www\test\oldnew\MysqlDB.class.php:156
Stack trace:
#0 D:\wamp\www\test\oldnew\MysqlDB.class.php(156): PDOStatement->execute(Array)
#1 D:\wamp\www\test\oldnew\MysqlDB.class.php(70): MysqlDB->autoExec(Array, 'toboss')
#2 D:\wamp\www\test\oldnew\orderO.php(177): MysqlDB->insert('toboss', Array)
#3 {main}exception 'PDOException' with message 'SQLSTATE[HY000]: General error: 1364 Field 'order_sn' doesn't have a default value' in D:\wamp\www\test\oldnew\MysqlDB.class.php:156
Stack trace:
#0 D:\wamp\www\test\oldnew\MysqlDB.class.php(156): PDOStatement->execute(Array)
#1 D:\wamp\www\test\oldnew\MysqlDB.class.php(70): MysqlDB->autoExec(Array, 'toboss')
#2 D:\wamp\www\test\oldnew\orderO.php(169): MysqlDB->insert('toboss', Array)
#3 {main}exception 'PDOException' with message 'SQLSTATE[HY000]: General error: 1364 Field 'order_sn' doesn't have a default value' in D:\wamp\www\test\oldnew\MysqlDB.class.php:156
Stack trace:
#0 D:\wamp\www\test\oldnew\MysqlDB.class.php(156): PDOStatement->execute(Array)
#1 D:\wamp\www\test\oldnew\MysqlDB.class.php(70): MysqlDB->autoExec(Array, 'toboss')
#2 D:\wamp\www\test\oldnew\orderO.php(177): MysqlDB->insert('toboss', Array)
#3 {main}exception 'PDOException' with message 'SQLSTATE[HY000]: General error: 1364 Field 'order_sn' doesn't have a default value' in D:\wamp\www\test\oldnew\MysqlDB.class.php:156
Stack trace:
#0 D:\wamp\www\test\oldnew\MysqlDB.class.php(156): PDOStatement->execute(Array)
#1 D:\wamp\www\test\oldnew\MysqlDB.class.php(70): MysqlDB->autoExec(Array, 'toboss')
#2 D:\wamp\www\test\oldnew\orderO.php(169): MysqlDB->insert('toboss', Array)
#3 {main}exception 'PDOException' with message 'SQLSTATE[HY000]: General error: 1364 Field 'order_sn' doesn't have a default value' in D:\wamp\www\test\oldnew\MysqlDB.class.php:156
Stack trace:
#0 D:\wamp\www\test\oldnew\MysqlDB.class.php(156): PDOStatement->execute(Array)
#1 D:\wamp\www\test\oldnew\MysqlDB.class.php(70): MysqlDB->autoExec(Array, 'toboss')
#2 D:\wamp\www\test\oldnew\orderO.php(177): MysqlDB->insert('toboss', Array)
#3 {main}exception 'PDOException' with message 'SQLSTATE[HY000]: General error: 1364 Field 'order_sn' doesn't have a default value' in D:\wamp\www\test\oldnew\MysqlDB.class.php:156
Stack trace:
#0 D:\wamp\www\test\oldnew\MysqlDB.class.php(156): PDOStatement->execute(Array)
#1 D:\wamp\www\test\oldnew\MysqlDB.class.php(70): MysqlDB->autoExec(Array, 'toboss')
#2 D:\wamp\www\test\oldnew\orderO.php(169): MysqlDB->insert('toboss', Array)
#3 {main}exception 'PDOException' with message 'SQLSTATE[HY000]: General error: 1364 Field 'order_sn' doesn't have a default value' in D:\wamp\www\test\oldnew\MysqlDB.class.php:156
Stack trace:
#0 D:\wamp\www\test\oldnew\MysqlDB.class.php(156): PDOStatement->execute(Array)
#1 D:\wamp\www\test\oldnew\MysqlDB.class.php(70): MysqlDB->autoExec(Array, 'toboss')
#2 D:\wamp\www\test\oldnew\orderO.php(177): MysqlDB->insert('toboss', Array)
#3 {main}exception 'PDOException' with message 'SQLSTATE[HY000]: General error: 1364 Field 'order_sn' doesn't have a default value' in D:\wamp\www\test\oldnew\MysqlDB.class.php:156
Stack trace:
#0 D:\wamp\www\test\oldnew\MysqlDB.class.php(156): PDOStatement->execute(Array)
#1 D:\wamp\www\test\oldnew\MysqlDB.class.php(70): MysqlDB->autoExec(Array, 'toboss')
#2 D:\wamp\www\test\oldnew\orderO.php(169): MysqlDB->insert('toboss', Array)
#3 {main}exception 'PDOException' with message 'SQLSTATE[HY000]: General error: 1364 Field 'order_sn' doesn't have a default value' in D:\wamp\www\test\oldnew\MysqlDB.class.php:156
Stack trace:
#0 D:\wamp\www\test\oldnew\MysqlDB.class.php(156): PDOStatement->execute(Array)
#1 D:\wamp\www\test\oldnew\MysqlDB.class.php(70): MysqlDB->autoExec(Array, 'toboss')
#2 D:\wamp\www\test\oldnew\orderO.php(177): MysqlDB->insert('toboss', Array)
#3 {main}exception 'PDOException' with message 'SQLSTATE[HY000]: General error: 1364 Field 'order_sn' doesn't have a default value' in D:\wamp\www\test\oldnew\MysqlDB.class.php:156
Stack trace:
#0 D:\wamp\www\test\oldnew\MysqlDB.class.php(156): PDOStatement->execute(Array)
#1 D:\wamp\www\test\oldnew\MysqlDB.class.php(70): MysqlDB->autoExec(Array, 'toboss')
#2 D:\wamp\www\test\oldnew\orderO.php(169): MysqlDB->insert('toboss', Array)
#3 {main}exception 'PDOException' with message 'SQLSTATE[HY000]: General error: 1364 Field 'order_sn' doesn't have a default value' in D:\wamp\www\test\oldnew\MysqlDB.class.php:156
Stack trace:
#0 D:\wamp\www\test\oldnew\MysqlDB.class.php(156): PDOStatement->execute(Array)
#1 D:\wamp\www\test\oldnew\MysqlDB.class.php(70): MysqlDB->autoExec(Array, 'toboss')
#2 D:\wamp\www\test\oldnew\orderO.php(177): MysqlDB->insert('toboss', Array)
#3 {main}exception 'PDOException' with message 'SQLSTATE[HY000]: General error: 1364 Field 'order_sn' doesn't have a default value' in D:\wamp\www\test\oldnew\MysqlDB.class.php:156
Stack trace:
#0 D:\wamp\www\test\oldnew\MysqlDB.class.php(156): PDOStatement->execute(Array)
#1 D:\wamp\www\test\oldnew\MysqlDB.class.php(70): MysqlDB->autoExec(Array, 'toboss')
#2 D:\wamp\www\test\oldnew\orderO.php(169): MysqlDB->insert('toboss', Array)
#3 {main}exception 'PDOException' with message 'SQLSTATE[HY000]: General error: 1364 Field 'order_sn' doesn't have a default value' in D:\wamp\www\test\oldnew\MysqlDB.class.php:156
Stack trace:
#0 D:\wamp\www\test\oldnew\MysqlDB.class.php(156): PDOStatement->execute(Array)
#1 D:\wamp\www\test\oldnew\MysqlDB.class.php(70): MysqlDB->autoExec(Array, 'toboss')
#2 D:\wamp\www\test\oldnew\orderO.php(177): MysqlDB->insert('toboss', Array)
#3 {main}exception 'PDOException' with message 'SQLSTATE[HY000]: General error: 1364 Field 'order_sn' doesn't have a default value' in D:\wamp\www\test\oldnew\MysqlDB.class.php:156
Stack trace:
#0 D:\wamp\www\test\oldnew\MysqlDB.class.php(156): PDOStatement->execute(Array)
#1 D:\wamp\www\test\oldnew\MysqlDB.class.php(70): MysqlDB->autoExec(Array, 'toboss')
#2 D:\wamp\www\test\oldnew\orderO.php(169): MysqlDB->insert('toboss', Array)
#3 {main}exception 'PDOException' with message 'SQLSTATE[HY000]: General error: 1364 Field 'order_sn' doesn't have a default value' in D:\wamp\www\test\oldnew\MysqlDB.class.php:156
Stack trace:
#0 D:\wamp\www\test\oldnew\MysqlDB.class.php(156): PDOStatement->execute(Array)
#1 D:\wamp\www\test\oldnew\MysqlDB.class.php(70): MysqlDB->autoExec(Array, 'toboss')
#2 D:\wamp\www\test\oldnew\orderO.php(177): MysqlDB->insert('toboss', Array)
#3 {main}exception 'PDOException' with message 'SQLSTATE[HY000]: General error: 1364 Field 'order_sn' doesn't have a default value' in D:\wamp\www\test\oldnew\MysqlDB.class.php:156
Stack trace:
#0 D:\wamp\www\test\oldnew\MysqlDB.class.php(156): PDOStatement->execute(Array)
#1 D:\wamp\www\test\oldnew\MysqlDB.class.php(70): MysqlDB->autoExec(Array, 'toboss')
#2 D:\wamp\www\test\oldnew\orderO.php(169): MysqlDB->insert('toboss', Array)
#3 {main}exception 'PDOException' with message 'SQLSTATE[HY000]: General error: 1364 Field 'order_sn' doesn't have a default value' in D:\wamp\www\test\oldnew\MysqlDB.class.php:156
Stack trace:
#0 D:\wamp\www\test\oldnew\MysqlDB.class.php(156): PDOStatement->execute(Array)
#1 D:\wamp\www\test\oldnew\MysqlDB.class.php(70): MysqlDB->autoExec(Array, 'toboss')
#2 D:\wamp\www\test\oldnew\orderO.php(177): MysqlDB->insert('toboss', Array)
#3 {main}exception 'PDOException' with message 'SQLSTATE[HY000]: General error: 1364 Field 'order_sn' doesn't have a default value' in D:\wamp\www\test\oldnew\MysqlDB.class.php:156
Stack trace:
#0 D:\wamp\www\test\oldnew\MysqlDB.class.php(156): PDOStatement->execute(Array)
#1 D:\wamp\www\test\oldnew\MysqlDB.class.php(70): MysqlDB->autoExec(Array, 'toboss')
#2 D:\wamp\www\test\oldnew\orderO.php(177): MysqlDB->insert('toboss', Array)
#3 {main}exception 'PDOException' with message 'SQLSTATE[HY000]: General error: 1364 Field 'order_sn' doesn't have a default value' in D:\wamp\www\test\oldnew\MysqlDB.class.php:156
Stack trace:
#0 D:\wamp\www\test\oldnew\MysqlDB.class.php(156): PDOStatement->execute(Array)
#1 D:\wamp\www\test\oldnew\MysqlDB.class.php(70): MysqlDB->autoExec(Array, 'toboss')
#2 D:\wamp\www\test\oldnew\orderO.php(169): MysqlDB->insert('toboss', Array)
#3 {main}exception 'PDOException' with message 'SQLSTATE[HY000]: General error: 1364 Field 'order_sn' doesn't have a default value' in D:\wamp\www\test\oldnew\MysqlDB.class.php:156
Stack trace:
#0 D:\wamp\www\test\oldnew\MysqlDB.class.php(156): PDOStatement->execute(Array)
#1 D:\wamp\www\test\oldnew\MysqlDB.class.php(70): MysqlDB->autoExec(Array, 'toboss')
#2 D:\wamp\www\test\oldnew\orderO.php(177): MysqlDB->insert('toboss', Array)
#3 {main}exception 'PDOException' with message 'SQLSTATE[HY000]: General error: 1364 Field 'order_sn' doesn't have a default value' in D:\wamp\www\test\oldnew\MysqlDB.class.php:156
Stack trace:
#0 D:\wamp\www\test\oldnew\MysqlDB.class.php(156): PDOStatement->execute(Array)
#1 D:\wamp\www\test\oldnew\MysqlDB.class.php(70): MysqlDB->autoExec(Array, 'toboss')
#2 D:\wamp\www\test\oldnew\orderO.php(169): MysqlDB->insert('toboss', Array)
#3 {main}exception 'PDOException' with message 'SQLSTATE[HY000]: General error: 1364 Field 'order_sn' doesn't have a default value' in D:\wamp\www\test\oldnew\MysqlDB.class.php:156
Stack trace:
#0 D:\wamp\www\test\oldnew\MysqlDB.class.php(156): PDOStatement->execute(Array)
#1 D:\wamp\www\test\oldnew\MysqlDB.class.php(70): MysqlDB->autoExec(Array, 'toboss')
#2 D:\wamp\www\test\oldnew\orderO.php(177): MysqlDB->insert('toboss', Array)
#3 {main}exception 'PDOException' with message 'SQLSTATE[HY000]: General error: 1364 Field 'order_sn' doesn't have a default value' in D:\wamp\www\test\oldnew\MysqlDB.class.php:156
Stack trace:
#0 D:\wamp\www\test\oldnew\MysqlDB.class.php(156): PDOStatement->execute(Array)
#1 D:\wamp\www\test\oldnew\MysqlDB.class.php(70): MysqlDB->autoExec(Array, 'toboss')
#2 D:\wamp\www\test\oldnew\orderO.php(169): MysqlDB->insert('toboss', Array)
#3 {main}exception 'PDOException' with message 'SQLSTATE[HY000]: General error: 1364 Field 'order_sn' doesn't have a default value' in D:\wamp\www\test\oldnew\MysqlDB.class.php:156
Stack trace:
#0 D:\wamp\www\test\oldnew\MysqlDB.class.php(156): PDOStatement->execute(Array)
#1 D:\wamp\www\test\oldnew\MysqlDB.class.php(70): MysqlDB->autoExec(Array, 'toboss')
#2 D:\wamp\www\test\oldnew\orderO.php(177): MysqlDB->insert('toboss', Array)
#3 {main}exception 'PDOException' with message 'SQLSTATE[HY000]: General error: 1364 Field 'order_sn' doesn't have a default value' in D:\wamp\www\test\oldnew\MysqlDB.class.php:156
Stack trace:
#0 D:\wamp\www\test\oldnew\MysqlDB.class.php(156): PDOStatement->execute(Array)
#1 D:\wamp\www\test\oldnew\MysqlDB.class.php(70): MysqlDB->autoExec(Array, 'toboss')
#2 D:\wamp\www\test\oldnew\orderO.php(177): MysqlDB->insert('toboss', Array)
#3 {main}exception 'PDOException' with message 'SQLSTATE[HY000]: General error: 1364 Field 'order_sn' doesn't have a default value' in D:\wamp\www\test\oldnew\MysqlDB.class.php:156
Stack trace:
#0 D:\wamp\www\test\oldnew\MysqlDB.class.php(156): PDOStatement->execute(Array)
#1 D:\wamp\www\test\oldnew\MysqlDB.class.php(70): MysqlDB->autoExec(Array, 'toboss')
#2 D:\wamp\www\test\oldnew\orderO.php(169): MysqlDB->insert('toboss', Array)
#3 {main}exception 'PDOException' with message 'SQLSTATE[HY000]: General error: 1364 Field 'order_sn' doesn't have a default value' in D:\wamp\www\test\oldnew\MysqlDB.class.php:156
Stack trace:
#0 D:\wamp\www\test\oldnew\MysqlDB.class.php(156): PDOStatement->execute(Array)
#1 D:\wamp\www\test\oldnew\MysqlDB.class.php(70): MysqlDB->autoExec(Array, 'toboss')
#2 D:\wamp\www\test\oldnew\orderO.php(177): MysqlDB->insert('toboss', Array)
#3 {main}exception 'PDOException' with message 'SQLSTATE[HY000]: General error: 1364 Field 'order_sn' doesn't have a default value' in D:\wamp\www\test\oldnew\MysqlDB.class.php:156
Stack trace:
#0 D:\wamp\www\test\oldnew\MysqlDB.class.php(156): PDOStatement->execute(Array)
#1 D:\wamp\www\test\oldnew\MysqlDB.class.php(70): MysqlDB->autoExec(Array, 'toboss')
#2 D:\wamp\www\test\oldnew\orderO.php(169): MysqlDB->insert('toboss', Array)
#3 {main}exception 'PDOException' with message 'SQLSTATE[HY000]: General error: 1364 Field 'order_sn' doesn't have a default value' in D:\wamp\www\test\oldnew\MysqlDB.class.php:156
Stack trace:
#0 D:\wamp\www\test\oldnew\MysqlDB.class.php(156): PDOStatement->execute(Array)
#1 D:\wamp\www\test\oldnew\MysqlDB.class.php(70): MysqlDB->autoExec(Array, 'toboss')
#2 D:\wamp\www\test\oldnew\orderO.php(177): MysqlDB->insert('toboss', Array)
#3 {main}