KLEW029117未审核
KLEW029115未审核
KLNW029448不是定制商品
KLPW027969无颜色
KLPW028024无颜色
KLPW027974无颜色
KLPW027975无颜色
KLPW028025无颜色
KLPW027966无颜色
KLPW027968无颜色
KLPW028028无颜色
KLNW028071无颜色
KLNW028072无颜色
KLPW027981无颜色
KLPW029311无材质
KLPW029312无材质
KLPW029316无材质
KLPW029319无材质
KLPW029321无材质
KLPW029322无材质
KLEW029323无材质
KLEW029325无材质
KLPW029327无材质
KLZW028536无材质
KLZW028535无材质
KLZW020561未审核
KLZW019902未审核
KLZW019895未审核
KLZW018007未审核
KLZW014880未审核
KLZW013442颜色为空
KLZW013400未审核
KLZW012973颜色为空
KLZW012659未审核
KLZW012656未审核
KLZW012651未审核
KLZW012650未审核
KLZW012647未审核
KLZW012622未审核
KLZW012620未审核
KLZW012619未审核
KLZW012616未审核
KLZW012615未审核
KLZW012336未审核
KLZW011291未审核
KLZW011275未审核
KLZW011266未审核
KLZW011246颜色为空
KLZW011245颜色为空
KLZW011183未审核
KLZW011183未审核
KLZW006894未审核
KLTX006391无材质
KLSW026670颜色为空
KLSW021471未审核
KLSW021470未审核
KLSW021469未审核
KLSW020053未审核
KLSW017626未审核
KLSW017623未审核
KLSW017495未审核
KLSW017466未审核
KLSW017464未审核
KLSW015970未审核
KLSW014882未审核
KLSW014240无材质
KLSW013028未审核
KLSW013027未审核
KLSW012978未审核
KLSW012978未审核
KLSW011263未审核
KLSW011262未审核
KLSW011259未审核
KLSW011258未审核
KLSW011252未审核
KLSW011251未审核
KLSW011250未审核
KLSW011249未审核
KLSW011248未审核
KLSW009686未审核
KLSW009685未审核
KLSW009684未审核
KLSW009683未审核
KLSW009682未审核
KLSW009681未审核
KLSW001473未审核
KLSW001454未审核
KLSW000349颜色为空
KLSW000349颜色为空
KLPX015932未审核
KLPX006107未审核
KLPX006000未审核
KLPW029130不是定制商品
KLPW028040无颜色
KLPW027917颜色为空
KLPW027751颜色为空
KLPW027745颜色为空
KLPW027736颜色为空
KLPW027675颜色为空
KLPW027675颜色为空
KLPW027669颜色为空
KLPW027668颜色为空
KLPW027539未审核
KLPW027455颜色为空
KLNW029447不是定制商品
KLNW029446不是定制商品
KLNW029445不是定制商品
KLNW029444不是定制商品
KLEW029434无材质
KLPW029433无材质
KLNW029428无材质
KLBW029427无材质
KLBW029426无材质
KLPW026858颜色为空
KLPW026600颜色为空
KLPW026499颜色为空
KLPW026499颜色为空
KLPW025337颜色为空
KLPW025336未审核
KLPW025316颜色为空
KLPW025097颜色为空
KLPW025095颜色为空
KLPW025092颜色为空
KLPW024839未审核
KLPW024838未审核
KLPW024805颜色为空
KLPW024783颜色为空
KLPW024673颜色为空
KLPW024493颜色为空
KLPW024491颜色为空
KLPW024489颜色为空
KLPW024488颜色为空
KLPW024487颜色为空
KLPW024477颜色为空
KLPW024475颜色为空
KLPW024473颜色为空
KLPW024472颜色为空
KLPW024471颜色为空
KLPW024470颜色为空
KLPW024469颜色为空
KLPW024468颜色为空
KLPW024465颜色为空
KLPW024464颜色为空
KLPW024459颜色为空
KLPW024457颜色为空
KLPW024456颜色为空
KLPW024455颜色为空
KLPW024454颜色为空
KLPW024453颜色为空
KLPW024446颜色为空
KLPW024071颜色为空
KLPW023787颜色为空
KLPW021824颜色为空
KLPW021809颜色为空
KLPW021808颜色为空
KLPW021796颜色为空
KLPW021795颜色为空
KLPW021794未审核
KLPW021794未审核
KLPW021794未审核
KLPW021794未审核
KLPW021794未审核
KLPW021794未审核
KLPW021793颜色为空
KLPW021792颜色为空
KLPW021792颜色为空
KLPW021775颜色为空
KLPW021775颜色为空
KLPW021774颜色为空
KLPW021743颜色为空
KLPW021715颜色为空
KLPW021714未审核
KLPW021713颜色为空
KLPW021712颜色为空
KLPW021686未审核
KLPW021686未审核
KLPW021677未审核
KLPW021660颜色为空
KLPW021571颜色为空
KLPW021571颜色为空
KLPW021559未审核
KLPW021558未审核
KLPW021556未审核
KLPW021552未审核
KLPW021551未审核
KLPW021551未审核
KLPW021550未审核
KLPW021538颜色为空
KLPW021527未审核
KLPW021526未审核
KLPW021521未审核
KLPW021520未审核
KLPW021515颜色为空
KLPW021509未审核
KLPW021498颜色为空
KLPW021497颜色为空
KLPW021443未审核
KLPW021411未审核
KLPW021410未审核
KLPW021409未审核
KLPW021408未审核
KLPW021407未审核
KLPW021406未审核
KLPW021405未审核
KLPW021404未审核
KLPW021403未审核
KLPW021402未审核
KLPW021401未审核
KLPW021400未审核
KLPW021399未审核
KLPW021398未审核
KLPW021389颜色为空
KLPW021313颜色为空
KLPW021312未审核
KLPW020933未审核
KLPW020765未审核
KLPW020605颜色为空
KLPW020604颜色为空
KLPW020601颜色为空
KLPW020599未审核
KLPW020597未审核
KLPW020594未审核
KLPW020592未审核
KLPW020591颜色为空
KLPW020574颜色为空
KLPW020573未审核
KLPW020572未审核
KLPW020571未审核
KLPW020570未审核
KLPW020569未审核
KLPW020568颜色为空
KLPW020567颜色为空
KLPW020566未审核
KLPW020565颜色为空
KLPW020564未审核
KLPW020562颜色为空
KLPW020562颜色为空
KLPW020556颜色为空
KLPW020556颜色为空
KLPW020534未审核
KLPW020453颜色为空
KLPW020450颜色为空
KLPW020280未审核
KLPW020279未审核
KLPW020276未审核
KLPW020275未审核
KLPW020271未审核
KLPW020270颜色为空
KLPW020269颜色为空
KLPW020268颜色为空
KLPW020267颜色为空
KLPW020266颜色为空
KLPW020265颜色为空
KLPW020264颜色为空
KLPW020263未审核
KLPW020262颜色为空
KLPW020262颜色为空
KLPW020261颜色为空
KLPW020260未审核
KLPW020259颜色为空
KLPW020258颜色为空
KLPW020256未审核
KLPW020255未审核
KLPW020254未审核
KLPW020253未审核
KLPW020252未审核
KLPW020251未审核
KLPW020250未审核
KLPW020249颜色为空
KLPW020248未审核
KLPW020247颜色为空
KLPW020244未审核
KLPW020243未审核
KLPW020242未审核
KLPW020241颜色为空
KLPW020239未审核
KLPW020238未审核
KLPW020237未审核
KLPW020231颜色为空
KLPW020230颜色为空
KLPW020229未审核
KLPW020228颜色为空
KLPW020226颜色为空
KLPW020225颜色为空
KLPW020224颜色为空
KLPW020223颜色为空
KLPW020222未审核
KLPW020221未审核
KLPW020220颜色为空
KLPW020219颜色为空
KLPW020218颜色为空
KLPW020217未审核
KLPW020216未审核
KLPW020214未审核
KLPW020212未审核
KLPW020211颜色为空
KLPW020054未审核
KLPW020048颜色为空
KLPW020048颜色为空
KLPW020025颜色为空
KLPW020013未审核
KLPW019990未审核
KLPW019972颜色为空
KLPW019971未审核
KLPW019970颜色为空
KLPW019970颜色为空
KLPW019970颜色为空
KLPW019937未审核
KLPW019916颜色为空
KLPW019910未审核
KLPW019901未审核
KLPW019899未审核
KLPW019898未审核
KLPW019810未审核
KLPW019577未审核
KLPW019577未审核
KLPW019172颜色为空
KLPW018601颜色为空
KLPW018550颜色为空
KLPW018549颜色为空
KLPW018548颜色为空
KLPW018467颜色为空
KLPW018458未审核
KLPW018450未审核
KLPW018415未审核
KLPW018413未审核
KLPW018412未审核
KLPW018264未审核
KLPW018261未审核
KLPW018258未审核
KLPW018255未审核
KLPW018244未审核
KLPW018213未审核
KLPW018210颜色为空
KLPW018206未审核
KLPW018205未审核
KLPW018204未审核
KLPW018202未审核
KLPW018168颜色为空
KLPW018165颜色为空
KLPW018164未审核
KLPW018145未审核
KLPW018124未审核
KLPW018021未审核
KLPW018005未审核
KLPW017745未审核
KLPW017716未审核
KLPW017715未审核
KLPW017713未审核
KLPW017697未审核
KLPW017696未审核
KLPW017694颜色为空
KLPW017693颜色为空
KLPW017692未审核
KLPW017691未审核
KLPW017690未审核
KLPW017689未审核
KLPW017688未审核
KLPW017681未审核
KLPW017657未审核
KLPW017634未审核
KLPW017613未审核
KLPW017428未审核
KLPW017035未审核
KLPW016821未审核
KLPW016258未审核
KLPW016257颜色为空
KLPW016257颜色为空
KLPW016256未审核
KLPW016254未审核
KLPW016253未审核
KLPW016238未审核
KLPW016019未审核
KLPW016009未审核
KLPW015844未审核
KLPW015838未审核
KLPW015794未审核
KLPW015752未审核
KLPW015477颜色为空
KLPW015298未审核
KLPW015274未审核
KLPW015264颜色为空
KLPW014896未审核
KLPW014890颜色为空
KLPW014889未审核
KLPW014888无颜色
KLPW014883未审核
KLPW014878颜色为空
KLPW014877颜色为空
KLPW014876颜色为空
KLPW014874颜色为空
KLPW014873颜色为空
KLPW014872颜色为空
KLPW014870未审核
KLPW014869颜色为空
KLPW014867未审核
KLPW014865未审核
KLPW014862未审核
KLPW014861未审核
KLPW014847未审核
KLPW014846未审核
KLPW014845未审核
KLPW014845未审核
KLPW014842颜色为空
KLPW014841颜色为空
KLPW014838未审核
KLPW014837未审核
KLPW014820颜色为空
KLPW014790未审核
KLPW014649颜色为空
KLPW014648颜色为空
KLPW014647颜色为空
KLPW014644颜色为空
KLPW014627颜色为空
KLPW014626颜色为空
KLPW014618颜色为空
KLPW014616颜色为空
KLPW014613颜色为空
KLPW014612颜色为空
KLPW014611颜色为空
KLPW014463未审核
KLPW014420颜色为空
KLPW014412颜色为空
KLPW014380未审核
KLPW014374未审核
KLPW014369未审核
KLPW014210颜色为空
KLPW014192颜色为空
KLPW014187颜色为空
KLPW014164颜色为空
KLPW014163颜色为空
KLPW014049未审核
KLPW014047未审核
KLPW014025未审核
KLPW013987未审核
KLPW013986未审核
KLPW013807未审核
KLPW013800未审核
KLPW013749未审核
KLPW013731未审核
KLPW013726未审核
KLPW013725未审核
KLPW013724未审核
KLPW013723未审核
KLPW013722未审核
KLPW013722未审核
KLPW013721颜色为空
KLPW013718颜色为空
KLPW013716颜色为空
KLPW013712未审核
KLPW013711未审核
KLPW013710未审核
KLPW013707未审核
KLPW013707未审核
KLPW013706颜色为空
KLPW013705未审核
KLPW013695未审核
KLPW013694未审核
KLPW013693未审核
KLPW013692未审核
KLPW013691未审核
KLPW013690未审核
KLPW013689未审核
KLPW013670未审核
KLPW013662未审核
KLPW013661未审核
KLPW013660未审核
KLPW013657未审核
KLPW013656未审核
KLPW013654未审核
KLPW013653未审核
KLPW013650未审核
KLPW013649未审核
KLPW013648未审核
KLPW013643未审核
KLPW013457颜色为空
KLPW013456未审核
KLPW013455未审核
KLPW013454未审核
KLPW013439未审核
KLPW013439未审核
KLPW013438未审核
KLPW013413颜色为空
KLPW013401颜色为空
KLPW013395未审核
KLPW013355未审核
KLPW013355未审核
KLPW013353未审核
KLPW013353未审核
KLPW013349未审核
KLPW013346未审核
KLPW013346未审核
KLPW013346未审核
KLPW013346未审核
KLPW013345未审核
KLPW013343未审核
KLPW013337未审核
KLPW013337未审核
KLPW013337未审核
KLPW013337未审核
KLPW013335未审核
KLPW013330未审核
KLPW013330未审核
KLPW013031未审核
KLPW013030未审核
KLPW012977未审核
KLPW012744未审核
KLPW012677颜色为空
KLPW012628未审核
KLPW012551未审核
KLPW012542颜色为空
KLPW012510未审核
KLPW012507未审核
KLPW012494未审核
KLPW012477无材质
KLPW012468未审核
KLPW012429颜色为空
KLPW012427颜色为空
KLPW012424颜色为空
KLPW012423颜色为空
KLPW012422颜色为空
KLPW012420颜色为空
KLPW012419颜色为空
KLPW012418颜色为空
KLPW012415颜色为空
KLPW012413颜色为空
KLPW012412颜色为空
KLPW012412颜色为空
KLPW012411颜色为空
KLPW012411颜色为空
KLPW012409颜色为空
KLPW012409颜色为空
KLPW012407颜色为空
KLPW012406颜色为空
KLPW012405颜色为空
KLPW012404颜色为空
KLPW012397颜色为空
KLPW012396颜色为空
KLPW012395颜色为空
KLPW012394颜色为空
KLPW012371颜色为空
KLPW012370颜色为空
KLPW012369颜色为空
KLPW012365颜色为空
KLPW012363未审核
KLPW012361颜色为空
KLPW012360颜色为空
KLPW012358未审核
KLPW012356未审核
KLPW012335未审核
KLPW011593颜色为空
KLPW011591未审核
KLPW011590颜色为空
KLPW011587颜色为空
KLPW011584颜色为空
KLPW011582未审核
KLPW011578颜色为空
KLPW011578颜色为空
KLPW011576颜色为空
KLPW011570颜色为空
KLPW011569未审核
KLPW011566颜色为空
KLPW011565颜色为空
KLPW011564未审核
KLPW011564未审核
KLPW011563颜色为空
KLPW011556颜色为空
KLPW011556颜色为空
KLPW011555未审核
KLPW011554未审核
KLPW011553颜色为空
KLPW011553颜色为空
KLPW011553颜色为空
KLPW011551颜色为空
KLPW011542颜色为空
KLPW011524未审核
KLPW011517未审核
KLPW011514未审核
KLPW011512未审核
KLPW011434颜色为空
KLPW011347未审核
KLPW011340颜色为空
KLPW011292未审核
KLPW011278未审核
KLPW011265未审核
KLPW011264未审核
KLPW011211颜色为空
KLPW011210颜色为空
KLPW011209颜色为空
KLPW011208颜色为空
KLPW011207颜色为空
KLPW011205颜色为空
KLPW011204颜色为空
KLPW011203颜色为空
KLPW011202颜色为空
KLPW011181未审核
KLPW011180未审核
KLPW011179未审核
KLPW011178未审核
KLPW011177未审核
KLPW011153未审核
KLPW011152未审核
KLPW011151未审核
KLPW011135未审核
KLPW011082颜色为空
KLPW011076颜色为空
KLPW011075颜色为空
KLPW011011未审核
KLPW011010颜色为空
KLPW011009颜色为空
KLPW011005未审核
KLPW010942未审核
KLPW010937未审核
KLPW010934未审核
KLPW010846未审核
KLPW010831颜色为空
KLPW010830颜色为空
KLPW010828颜色为空
KLPW010827颜色为空
KLPW010705未审核
KLPW010704未审核
KLPW010702未审核
KLPW010700未审核
KLPW010699未审核
KLPW010698未审核
KLPW010697未审核
KLPW010696未审核
KLPW010693未审核
KLPW010692未审核
KLPW010691未审核
KLPW010689未审核
KLPW010688未审核
KLPW010685未审核
KLPW010678未审核
KLPW010676未审核
KLPW010675未审核
KLPW010672未审核
KLPW010671未审核
KLPW010667未审核
KLPW010665未审核
KLPW010659未审核
KLPW010658未审核
KLPW010654未审核
KLPW010653未审核
KLPW010651未审核
KLPW010650未审核
KLPW010649未审核
KLPW010646未审核
KLPW010645未审核
KLPW010644未审核
KLPW010638未审核
KLPW010637未审核
KLPW010564颜色为空
KLPW010511未审核
KLPW010438颜色为空
KLPW010395未审核
KLPW010366未审核
KLPW010364颜色为空
KLPW010361未审核
KLPW010358未审核
KLPW010282未审核
KLPW010280未审核
KLPW009498颜色为空
KLPW009489颜色为空
KLPW009487颜色为空
KLPW009486颜色为空
KLPW009484颜色为空
KLPW009480颜色为空
KLPW009479颜色为空
KLPW009478颜色为空
KLPW009475颜色为空
KLPW009473颜色为空
KLPW009472颜色为空
KLPW009471颜色为空
KLPW009193颜色为空
KLPW009029未审核
KLPW009028未审核
KLPW008912未审核
KLPW008908未审核
KLPW008906未审核
KLPW008905未审核
KLPW008904未审核
KLPW008903颜色为空
KLPW008889颜色为空
KLPW008886未审核
KLPW008883未审核
KLPW008882颜色为空
KLPW008881未审核
KLPW008880未审核
KLPW008879颜色为空
KLPW008878未审核
KLPW008877未审核
KLPW008875颜色为空
KLPW008874未审核
KLPW008873未审核
KLPW008868未审核
KLPW008815未审核
KLPW008814颜色为空
KLPW008812颜色为空
KLPW008812颜色为空
KLPW008812颜色为空
KLPW008812颜色为空
KLPW008711颜色为空
KLPW008710未审核
KLPW008708未审核
KLPW008698未审核
KLPW008683颜色为空
KLPW008643未审核
KLPW008592未审核
KLPW008590颜色为空
KLPW008581未审核
KLPW008580未审核
KLPW008579未审核
KLPW008578未审核
KLPW008577颜色为空
KLPW008576未审核
KLPW008575颜色为空
KLPW008574颜色为空
KLPW008570颜色为空
KLPW008569颜色为空
KLPW008568颜色为空
KLPW008567颜色为空
KLPW008565未审核
KLPW008564未审核
KLPW008563未审核
KLPW008561颜色为空
KLPW008560未审核
KLPW008559未审核
KLPW008558未审核
KLPW008556未审核
KLPW008555未审核
KLPW008554未审核
KLPW008553未审核
KLPW008525未审核
KLPW008509颜色为空
KLPW008508未审核
KLPW008476颜色为空
KLPW008472颜色为空
KLPW008462未审核
KLPW008458未审核
KLPW008457未审核
KLPW008453未审核
KLPW008435未审核
KLPW008416未审核
KLPW008409未审核
KLPW008375未审核
KLPW008374未审核
KLPW008373未审核
KLPW008372未审核
KLPW008370未审核
KLPW008369未审核
KLPW008368未审核
KLPW008365未审核
KLPW008364未审核
KLPW008324未审核
KLPW008321未审核
KLPW008103未审核
KLPW007873未审核
KLPW007872无材质
KLPW007869未审核
KLPW007866未审核
KLPW007865未审核
KLPW007863未审核
KLPW007861未审核
KLPW007860未审核
KLPW007859未审核
KLPW007857无材质
KLPW007856未审核
KLPW007850未审核
KLPW007847未审核
KLPW007846未审核
KLPW007843未审核
KLPW007842未审核
KLPW007842未审核
KLPW007841未审核
KLPW007840未审核
KLPW007839未审核
KLPW007838未审核
KLPW007836未审核
KLPW007835未审核
KLPW007834未审核
KLPW007833未审核
KLPW007831未审核
KLPW007830颜色为空
KLPW007829未审核
KLPW007827未审核
KLPW007826未审核
KLPW007824未审核
KLPW007822未审核
KLPW007820未审核
KLPW007818未审核
KLPW007817未审核
KLPW007816未审核
KLPW007815未审核
KLPW007814未审核
KLPW007813未审核
KLPW007812未审核
KLPW007810未审核
KLPW007809未审核
KLPW007808未审核
KLPW007807未审核
KLPW007806未审核
KLPW007804颜色为空
KLPW007803未审核
KLPW007802未审核
KLPW007801未审核
KLPW007800未审核
KLPW007799未审核
KLPW007798未审核
KLPW007796未审核
KLPW007795未审核
KLPW007794未审核
KLPW007792未审核
KLPW007789未审核
KLPW007512颜色为空
KLPW007504颜色为空
KLPW007501颜色为空
KLPW007449颜色为空
KLPW007447颜色为空
KLPW007446颜色为空
KLPW007445颜色为空
KLPW007444未审核
KLPW007443颜色为空
KLPW007442颜色为空
KLPW007441颜色为空
KLPW007440颜色为空
KLPW007438未审核
KLPW007305颜色为空
KLPW007304颜色为空
KLPW007301颜色为空
KLPW006992颜色为空
KLPW006990颜色为空
KLPW006988未审核
KLPW006986未审核
KLPW006985颜色为空
KLPW006982颜色为空
KLPW006982颜色为空
KLPW006971未审核
KLPW006970未审核
KLPW006966未审核
KLPW006963未审核
KLPW006960未审核
KLPW006939颜色为空
KLPW006935颜色为空
KLPW006935颜色为空
KLPW006934颜色为空
KLPW006731未审核
KLPW006730未审核
KLPW006729未审核
KLPW006728未审核
KLPW006727未审核
KLPW006726未审核
KLPW006726未审核
KLPW006725未审核
KLPW006724未审核
KLPW006723未审核
KLPW006722未审核
KLPW006721未审核
KLPW006719未审核
KLPW006718未审核
KLPW006717未审核
KLPW006716未审核
KLPW006715未审核
KLPW006714未审核
KLPW006713未审核
KLPW006712未审核
KLPW006711未审核
KLPW006710未审核
KLPW006709未审核
KLPW006708未审核
KLPW006628未审核
KLPW006600颜色为空
KLPW006488未审核
KLPW006488未审核
KLPW006486未审核
KLPW006485未审核
KLPW006484未审核
KLPW006483未审核
KLPW006482未审核
KLPW006482未审核
KLPW006479未审核
KLPW006479未审核
KLPW006478未审核
KLPW006467未审核
KLPW006462未审核
KLPW006461未审核
KLPW006455未审核
KLPW006370颜色为空
KLPW006321未审核
KLPW006318未审核
KLPW006264颜色为空
KLPW006194颜色为空
KLPW006081颜色为空
KLPW006068颜色为空
KLPW006063未审核
KLPW005332未审核
KLPW005328未审核
KLPW005324未审核
KLPW005317未审核
KLPW005316未审核
KLPW005313未审核
KLPW005309未审核
KLPW005298未审核
KLPW005297未审核
KLPW005290未审核
KLPW005289颜色为空
KLPW005280未审核
KLPW005279颜色为空
KLPW005270未审核
KLPW005245未审核
KLPW005238颜色为空
KLPW002264未审核
KLPW002263未审核
KLPW002222未审核
KLPW002220颜色为空
KLPW002218颜色为空
KLPW002216颜色为空
KLPW002212未审核
KLPW002209颜色为空
KLPW002208未审核
KLPW002202未审核
KLPW002200未审核
KLPW002199颜色为空
KLPW002197未审核
KLPW002195颜色为空
KLPW002193颜色为空
KLPW002191未审核
KLPW002190未审核
KLPW002187未审核
KLPW002183未审核
KLPW002180未审核
KLPW002178未审核
KLPW002132未审核
KLPW002125未审核
KLPW002123未审核
KLPW001990颜色为空
KLPW001989颜色为空
KLPW001927未审核
KLPW001927未审核
KLPW001924未审核
KLPW001898未审核
KLPW001897未审核
KLPW001896未审核
KLPW001879未审核
KLPW001879未审核
KLPW001866未审核
KLPW001861未审核
KLPW001806未审核
KLPW001803未审核
KLPW001801颜色为空
KLPW001801颜色为空
KLPW001801颜色为空
KLPW001792颜色为空
KLPW001732未审核
KLPW001720未审核
KLPW000551未审核
KLPW000542未审核
KLPW000539未审核
KLPW000538未审核
KLPW000531未审核
KLPW000522未审核
KLPW000509未审核
KLPW000194未审核
KLPW000191未审核
KLPW000170颜色为空
KLPW000169颜色为空
KLPW000167颜色为空
KLPW000152颜色为空
KLPW000151颜色为空
KLPW000149颜色为空
KLPW000134颜色为空
KLPW000134颜色为空
KLPW000106颜色为空
KLPW000089未审核
KLPW000087颜色为空
KLPW000087颜色为空
KLPW000086未审核
KLPW000080颜色为空
KLPW000079未审核
KLPW000077颜色为空
KLPW000070颜色为空
KLPW000069颜色为空
KLPW000069颜色为空
KLPW000039颜色为空
KLPW000026颜色为空
KLPW000017颜色为空
KLOX020715无材质
KLOX019728无材质
KLOX012739无材质
KLOX012737无材质
KLOX012736无材质
KLOX012732无材质
KLOX012464无材质
KLOX012458无材质
KLOX012457无材质
KLOX012456无材质
KLOX012455无材质
KLOX012454无材质
KLOX012453无材质
KLOX012452无材质
KLOX012451无材质
KLOX012450无材质
KLOX012449无材质
KLOX012448无材质
KLOX012447无材质
KLOX012446无材质
KLOX012445无材质
KLOX012444无材质
KLOX012443无材质
KLOX012442无材质
KLOX012441无材质
KLOX012440无材质
KLOX012439无材质
KLOX012438无材质
KLOX012437无材质
KLOX012436无材质
KLOX012435无材质
KLOX012408无材质
KLOX012334无材质
KLOX012331无材质
KLOX012330无材质
KLOX012329无材质
KLOX012328无材质
KLOX012327无材质
KLOX012326无材质
KLOX012325无材质
KLOX012324无材质
KLOX012323无材质
KLOX012322无材质
KLOX012321无材质
KLOX012319无材质
KLOX012318无材质
KLOX012317无材质
KLOX012316无材质
KLOX012315无材质
KLOX012314无材质
KLOX012313无材质
KLOX012312无材质
KLOX012311无材质
KLOX012310无材质
KLOX012309无材质
KLOX012308无材质
KLOX012307无材质
KLOX012306无材质
KLOX012305无材质
KLOX012304无材质
KLOX012303无材质
KLOX012302无材质
KLOX012301无材质
KLOX012300无材质
KLOX012299无材质
KLOX012298无材质
KLOX012297无材质
KLOX012296无材质
KLOX012078无材质
KLOX011603无材质
KLOX011602无材质
KLOX011601无材质
KLOX011600无材质
KLOX011599无材质
KLOX011598无材质
KLOX011597无材质
KLOX011595无材质
KLOX011532无材质
KLOX011471无材质
KLOX011470无材质
KLOX011468无材质
KLOX011467无材质
KLOX011466无材质
KLOX011465无材质
KLOX011464无材质
KLOX011463无材质
KLOX011462无材质
KLOX011461无材质
KLOX011460无材质
KLOX011459无材质
KLOX011173无材质
KLOX011150无材质
KLOX010842无材质
KLOX007316无材质
KLOX006299无材质
KLOX006170无材质
KLOX006166无材质
KLOX006160无材质
KLOX006158无材质
KLOX006148无材质
KLNX012989未审核
KLNW029167不是定制商品
KLNW029166不是定制商品
KLNW028377无材质
KLNW028270无颜色
KLNW027376无颜色
KLNW026933颜色为空
KLNW026687无颜色
KLNW026686无颜色
KLNW026637无颜色
KLNW025351颜色为空
KLNW024841未审核
KLNW018538未审核
KLNW018537未审核
KLNW018536未审核
KLNW018411未审核
KLNW018410未审核
KLNW018296颜色为空
KLNW014601无材质
KLNW013025未审核
KLNW013020未审核
KLNW013016未审核
KLNW013015未审核
KLNW013012未审核
KLNW013005未审核
KLNW013003未审核
KLNW013002未审核
KLNW012999未审核
KLNW012997未审核
KLNW012996无颜色
KLNW012993未审核
KLNW012988颜色为空
KLNW012987未审核
KLNW012975未审核
KLNW012974未审核
KLNW012748未审核
KLNW012747未审核
KLNW012746未审核
KLNW012745未审核
KLNW012471无材质
KLNW012470无材质
KLNW012469无材质
KLNW012428未审核
KLNW012403未审核
KLNW012401未审核
KLNW011439未审核
KLNW011438颜色为空
KLNW010723未审核
KLNW010722未审核
KLNW009680未审核
KLNW009679未审核
KLNW009677未审核
KLNW009676未审核
KLNW009612未审核
KLNW008475未审核
KLNW008474未审核
KLNW006900未审核
KLNW006899未审核
KLNW006898未审核
KLNW006897未审核
KLNW001706未审核
KLNW000404无颜色
KLHW018009未审核
KLHW012625未审核
KLHW012624未审核
KLHW011175未审核
KLHW011093颜色为空
KLHW011091颜色为空
KLHW011089颜色为空
KLHW011025颜色为空
KLHW010943颜色为空
KLHW010927未审核
KLHW008907未审核
KLHW008901未审核
KLHW008900未审核
KLHW008897未审核
KLHW008887未审核
KLFW020512未审核
KLDX000266颜色为空
KLDW028631无材质
KLDW028631无材质
KLDW028534无材质
KLDW027748颜色为空
KLDW026639颜色为空
KLDW025317颜色为空
KLDW021510未审核
KLDW021466未审核
KLDW021284未审核
KLDW021283未审核
KLDW021282未审核
KLDW021281未审核
KLDW021280未审核
KLDW021279未审核
KLDW021278未审核
KLDW021277未审核
KLDW021276未审核
KLDW021274未审核
KLDW021273未审核
KLDW021272未审核
KLDW021271未审核
KLDW021270未审核
KLDW021269未审核
KLDW021268未审核
KLDW021267未审核
KLDW021264未审核
KLDW020766未审核
KLDW020766未审核
KLDW020041未审核
KLDW020041未审核
KLDW020040未审核
KLDW020040未审核
KLDW020040未审核
KLDW020018未审核
KLDW020014未审核
KLDW020014未审核
KLDW019171颜色为空
KLDW019063未审核
KLDW019063未审核
KLDW018557颜色为空
KLDW018421未审核
KLDW018420未审核
KLDW018419未审核
KLDW018235未审核
KLDW016833未审核
KLDW016018未审核
KLDW016017未审核
KLDW016016未审核
KLDW016015未审核
KLDW016015未审核
KLDW016010颜色为空
KLDW015998未审核
KLDW015996未审核
KLDW015986颜色为空
KLDW015984未审核
KLDW015982未审核
KLDW015982未审核
KLDW015976未审核
KLDW015975颜色为空
KLDW015974未审核
KLDW015747颜色为空
KLDW014843颜色为空
KLDW014641无材质
KLDW014638无材质
KLDW014615无材质
KLDW014606无材质
KLDW014600无材质
KLDW014599无材质
KLDW014596无材质
KLDW014595无材质
KLDW013704未审核
KLDW013703未审核
KLDW013701未审核
KLDW013700未审核
KLDW013699未审核
KLDW013698颜色为空
KLDW013698颜色为空
KLDW013632未审核
KLDW013630未审核
KLDW013591无材质
KLDW013403未审核
KLDW013303颜色为空
KLDW013303颜色为空
KLDW013303颜色为空
KLDW013301未审核
KLDW013297未审核
KLDW012633未审核
KLDW012630颜色为空
KLDW012380未审核
KLDW012379颜色为空
KLDW012376颜色为空
KLDW012373未审核
KLDW011574颜色为空
KLDW011562颜色为空
KLDW011276未审核
KLDW011268未审核
KLDW011256未审核
KLDW011254未审核
KLDW011184未审核
KLDW011031颜色为空
KLDW011029颜色为空
KLDW011028颜色为空
KLDW011015颜色为空
KLDW010955未审核
KLDW010897颜色为空
KLDW010383颜色为空
KLDW010359颜色为空
KLDW010352颜色为空
KLDW010352颜色为空
KLDW010258未审核
KLDW010255未审核
KLDW010254未审核
KLDW010252未审核
KLDW010251未审核
KLDW010247未审核
KLDW010244未审核
KLDW010218未审核
KLDW009771未审核
KLDW009664颜色为空
KLDW009499颜色为空
KLDW009499颜色为空
KLDW009499颜色为空
KLDW009470颜色为空
KLDW008902未审核
KLDW008470颜色为空
KLDW008447未审核
KLDW008446未审核
KLDW007977颜色为空
KLDW007976颜色为空
KLDW007975颜色为空
KLDW007456颜色为空
KLDW007454颜色为空
KLDW007452颜色为空
KLDW006573未审核
KLDW006572未审核
KLDW006571颜色为空
KLDW006571颜色为空
KLDW006570未审核
KLDW006569未审核
KLDW006568未审核
KLDW006567颜色为空
KLDW006566未审核
KLDW006565未审核
KLDW006564未审核
KLDW006563未审核
KLDW006562未审核
KLDW006562未审核
KLDW006561未审核
KLDW006559颜色为空
KLDW006559颜色为空
KLDW006558未审核
KLDW006556未审核
KLDW006556未审核
KLDW006555未审核
KLDW006555未审核
KLDW006554未审核
KLDW006552未审核
KLDW006551未审核
KLDW006550未审核
KLDW006549未审核
KLDW006548未审核
KLDW006548未审核
KLDW006545未审核
KLDW006544颜色为空
KLDW006543颜色为空
KLDW006541未审核
KLDW006540未审核
KLDW006538未审核
KLDW006537未审核
KLDW006536未审核
KLDW006533颜色为空
KLDW006533颜色为空
KLDW006532未审核
KLDW006531未审核
KLDW006525未审核
KLDW006524颜色为空
KLDW006523未审核
KLDW006521颜色为空
KLDW006520颜色为空
KLDW006519未审核
KLDW006519未审核
KLDW006518未审核
KLDW006518未审核
KLDW006517未审核
KLDW006516颜色为空
KLDW006515未审核
KLDW006515未审核
KLDW006514颜色为空
KLDW006514颜色为空
KLDW006513未审核
KLDW001653未审核
KLDW001634颜色为空
KLDW001632未审核
KLDW001621未审核
KLDW001617未审核
KLDW001615颜色为空
KLDW001597颜色为空
KLDW001575颜色为空
KLDW001574未审核
KLDW001559颜色为空
KLDW001559颜色为空
KLDW001517颜色为空
KLDW001512颜色为空
KLDW001497颜色为空
KLDW001496颜色为空
KLDW001484颜色为空
KLDW000767未审核
KLDW000715未审核
KLDW000710颜色为空
KLDW000689颜色为空
KLDW000676未审核
KLDW000273颜色为空
KLDW000267颜色为空
KLDW000257颜色为空
KLDW000251颜色为空
KLDW000251颜色为空
KLDW000245颜色为空
KLSW029328无材质
KLSW029329无材质
KLNW029330未审核
KLNW029331无材质
KLNW029332无材质
KLNW029333无材质
KLPW029336无材质
KLPW029339无材质
KLNW029381无材质
KLNW029382无材质
KLNW029383无材质
KLNW029398无材质
KLNW029399无材质
KLSW029402无材质
